\BOOKMARK [1][-]{Doc-Start}{\376\377\000Z\000u\000s\000a\000m\000m\000e\000n\000f\000a\000s\000s\000u\000n\000g}{}% 1
\BOOKMARK [1][-]{Doc-Start}{\376\377\000A\000b\000s\000t\000r\000a\000c\000t}{}% 2
\BOOKMARK [1][-]{Doc-Start}{\376\377\000A\000b\000b\000i\000l\000d\000u\000n\000g\000s\000v\000e\000r\000z\000e\000i\000c\000h\000n\000i\000s}{}% 3
\BOOKMARK [1][-]{Doc-Start}{\376\377\000T\000a\000b\000e\000l\000l\000e\000n\000v\000e\000r\000z\000e\000i\000c\000h\000n\000i\000s}{}% 4
\BOOKMARK [1][-]{Doc-Start}{\376\377\000A\000b\000k\000\374\000r\000z\000u\000n\000g\000s\000v\000e\000r\000z\000e\000i\000c\000h\000n\000i\000s}{}% 5
\BOOKMARK [1][-]{section.1}{\376\377\000E\000i\000n\000l\000e\000i\000t\000u\000n\000g}{}% 6
\BOOKMARK [2][-]{subsection.1.1}{\376\377\000A\000u\000f\000g\000a\000b\000e}{section.1}% 7
\BOOKMARK [2][-]{subsection.1.2}{\376\377\000A\000b\000g\000r\000e\000n\000z\000u\000n\000g\000/\000M\000o\000t\000i\000v\000a\000t\000i\000o\000n}{section.1}% 8
\BOOKMARK [1][-]{section.2}{\376\377\000G\000r\000u\000n\000d\000l\000a\000g\000e\000n}{}% 9
\BOOKMARK [2][-]{subsection.2.1}{\376\377\000O\000p\000e\000n\000M\000A\000N\000I\000P\000U\000L\000A\000T\000O\000R\000-\000X}{section.2}% 10
\BOOKMARK [2][-]{subsection.2.2}{\376\377\000R\000O\000S\0002}{section.2}% 11
\BOOKMARK [3][-]{subsubsection.2.2.1}{\376\377\000N\000o\000d\000e}{subsection.2.2}% 12
\BOOKMARK [3][-]{subsubsection.2.2.2}{\376\377\000M\000e\000s\000s\000a\000g\000e}{subsection.2.2}% 13
\BOOKMARK [3][-]{subsubsection.2.2.3}{\376\377\000S\000e\000r\000v\000i\000c\000e}{subsection.2.2}% 14
\BOOKMARK [3][-]{subsubsection.2.2.4}{\376\377\000A\000c\000t\000i\000o\000n}{subsection.2.2}% 15
\BOOKMARK [3][-]{subsubsection.2.2.5}{\376\377\000T\000o\000p\000i\000c}{subsection.2.2}% 16
\BOOKMARK [2][-]{subsection.2.3}{\376\377\000P\000l\000a\000n\000u\000n\000g}{section.2}% 17
\BOOKMARK [3][-]{subsubsection.2.3.1}{\376\377\000A\000l\000l\000g\000e\000m\000e\000i\000n}{subsection.2.3}% 18
\BOOKMARK [3][-]{subsubsection.2.3.2}{\376\377\000S\000T\000R\000I\000P\000S}{subsection.2.3}% 19
\BOOKMARK [3][-]{subsubsection.2.3.3}{\376\377\000P\000D\000D\000L}{subsection.2.3}% 20
\BOOKMARK [3][-]{subsubsection.2.3.4}{\376\377\000P\000D\000D\000L\000-\000P\000l\000u\000g\000i\000n\000\040\000f\000\374\000r\000\040\000V\000S\000\040\000C\000o\000d\000e}{subsection.2.3}% 21
\BOOKMARK [3][-]{subsubsection.2.3.5}{\376\377\000P\000a\000r\000t\000i\000a\000l\000\040\000O\000r\000d\000e\000r\000\040\000P\000l\000a\000n\000n\000i\000n\000g\000\040\000F\000o\000r\000w\000a\000r\000d}{subsection.2.3}% 22
\BOOKMARK [3][-]{subsubsection.2.3.6}{\376\377\000B\000e\000h\000a\000v\000i\000o\000r\000\040\000T\000r\000e\000e}{subsection.2.3}% 23
\BOOKMARK [1][-]{section.3}{\376\377\000K\000o\000n\000z\000e\000p\000t}{}% 24
\BOOKMARK [2][-]{subsection.3.1}{\376\377\000S\000t\000r\000u\000k\000t\000u\000r\000\040\000N\000o\000d\000e\000s}{section.3}% 25
\BOOKMARK [1][-]{section.4}{\376\377\000I\000m\000p\000l\000e\000m\000e\000n\000t\000i\000e\000r\000u\000n\000g}{}% 26
\BOOKMARK [2][-]{subsection.4.1}{\376\377\000I\000n\000b\000e\000t\000r\000i\000e\000b\000n\000a\000h\000m\000e\000\040\000G\000r\000e\000i\000f\000a\000r\000m}{section.4}% 27
\BOOKMARK [3][-]{subsubsection.4.1.1}{\376\377\000Z\000u\000s\000a\000m\000m\000e\000n\000b\000a\000u}{subsection.4.1}% 28
\BOOKMARK [3][-]{subsubsection.4.1.2}{\376\377\000V\000i\000r\000t\000u\000e\000l\000l\000e\000\040\000M\000a\000s\000c\000h\000i\000n\000e}{subsection.4.1}% 29
\BOOKMARK [2][-]{subsection.4.2}{\376\377\000S\000t\000e\000u\000e\000r\000u\000n\000g\000\040\000G\000r\000e\000i\000f\000a\000r\000m}{section.4}% 30
\BOOKMARK [3][-]{subsubsection.4.2.1}{\376\377\000O\000M\000X\000-\000C\000o\000n\000t\000r\000o\000l\000l\000e\000r}{subsection.4.2}% 31
\BOOKMARK [3][-]{subsubsection.4.2.2}{\376\377\000T\000o\000p\000i\000c\000s}{subsection.4.2}% 32
\BOOKMARK [3][-]{subsubsection.4.2.3}{\376\377\000K\000i\000n\000e\000m\000a\000t\000i\000k}{subsection.4.2}% 33
\BOOKMARK [2][-]{subsection.4.3}{\376\377\000P\000l\000a\000n\000S\000y\000s\0002}{section.4}% 34
\BOOKMARK [3][-]{subsubsection.4.3.1}{\376\377\000P\000D\000D\000L\000-\000D\000o\000m\000a\000i\000n}{subsection.4.3}% 35
\BOOKMARK [3][-]{subsubsection.4.3.2}{\376\377\000A\000c\000t\000i\000o\000n\000\040\000N\000o\000d\000e\000s}{subsection.4.3}% 36
\BOOKMARK [1][-]{section.5}{\376\377\000E\000r\000g\000e\000b\000n\000i\000s}{}% 37
\BOOKMARK [1][-]{section.6}{\376\377\000A\000b\000s\000c\000h\000n\000i\000t\000t}{}% 38
\BOOKMARK [2][-]{subsection.6.1}{\376\377\000U\000n\000t\000e\000r\000a\000b\000s\000c\000h\000n\000i\000t\000t}{section.6}% 39
\BOOKMARK [3][-]{subsubsection.6.1.1}{\376\377\000U\000n\000t\000e\000r\000u\000n\000t\000e\000r\000a\000b\000s\000c\000h\000n\000i\000t\000t}{subsection.6.1}% 40
\BOOKMARK [1][-]{section.7}{\376\377\000E\000i\000n\000f\000a\000c\000h\000e\000\040\000F\000o\000r\000m\000a\000t\000v\000o\000r\000l\000a\000g\000e\000n}{}% 41
\BOOKMARK [1][-]{section.8}{\376\377\000Z\000i\000t\000i\000e\000r\000e\000n\000\040\000u\000n\000d\000\040\000R\000e\000f\000e\000r\000e\000n\000z\000i\000e\000r\000e\000n}{}% 42
\BOOKMARK [1][-]{section.9}{\376\377\000A\000b\000b\000i\000l\000d\000u\000n\000g\000e\000n}{}% 43
\BOOKMARK [1][-]{section.10}{\376\377\000T\000a\000b\000e\000l\000l\000e\000n}{}% 44
\BOOKMARK [1][-]{section.11}{\376\377\000F\000o\000r\000m\000e\000l\000n}{}% 45
\BOOKMARK [1][-]{section.12}{\376\377\000A\000b\000k\000\374\000r\000z\000u\000n\000g\000e\000n}{}% 46
\BOOKMARK [1][-]{section.13}{\376\377\000F\000a\000z\000i\000t}{}% 47
\BOOKMARK [1][-]{section.13}{\376\377\000L\000i\000t\000e\000r\000a\000t\000u\000r}{}% 48
\BOOKMARK [1][-]{appendix.A}{\376\377\000A\000n\000h\000a\000n\000g\000\040\000A}{}% 49
